[    0.000000] Linux version 4.15.0-202-generic (buildd@lcy02-amd64-115) (gcc version 7.5.0 (Ubuntu 7.5.0-3ubuntu1~18.04)) #213-Ubuntu SMP Thu Jan 5 19:19:12 UTC 2023 (Ubuntu 4.15.0-202.213-generic 4.15.18)
[    0.000000] Command line: BOOT_IMAGE=/boot/vmlinuz-4.15.0-202-generic root=LABEL=cloudimg-rootfs ro console=tty1 console=ttyS0
[    0.000000] KERNEL supported cpus:
[    0.000000]   Intel GenuineIntel
[    0.000000]   AMD AuthenticAMD
[    0.000000]   Centaur CentaurHauls
[    0.000000] x86/fpu: Supporting XSAVE feature 0x001: 'x87 floating point registers'
[    0.000000] x86/fpu: Supporting XSAVE feature 0x002: 'SSE registers'
[    0.000000] x86/fpu: Supporting XSAVE feature 0x004: 'AVX registers'
[    0.000000] x86/fpu: xstate_offset[2]:  576, xstate_sizes[2]:  256
[    0.000000] x86/fpu: Enabled xstate features 0x7, context size is 832 bytes, using 'standard' format.
[    0.000000] e820: BIOS-provided physical RAM map:
[    0.000000] BIOS-e820: [mem 0x0000000000000000-0x000000000009fbff] usable
[    0.000000] BIOS-e820: [mem 0x000000000009fc00-0x000000000009ffff] reserved
[    0.000000] BIOS-e820: [mem 0x00000000000f0000-0x00000000000fffff] reserved
[    0.000000] BIOS-e820: [mem 0x0000000000100000-0x000000007ffeffff] usable
[    0.000000] BIOS-e820: [mem 0x000000007fff0000-0x000000007fffffff] ACPI data
[    0.000000] BIOS-e820: [mem 0x00000000fec00000-0x00000000fec00fff] reserved
[    0.000000] BIOS-e820: [mem 0x00000000fee00000-0x00000000fee00fff] reserved
[    0.000000] BIOS-e820: [mem 0x00000000fffc0000-0x00000000ffffffff] reserved
[    0.000000] NX (Execute Disable) protection: active
[    0.000000] SMBIOS 2.5 present.
[    0.000000] DMI: innotek GmbH VirtualBox/VirtualBox, BIOS VirtualBox 12/01/2006
[    0.000000] Hypervisor detected: KVM
[    0.000000] e820: last_pfn = 0x7fff0 max_arch_pfn = 0x400000000
[    0.000000] MTRR: Disabled
[    0.000000] x86/PAT: MTRRs disabled, skipping PAT initialization too.
[    0.000000] CPU MTRRs all blank - virtualized system.
[    0.000000] x86/PAT: Configuration [0-7]: WB  WT  UC- UC  WB  WT  UC- UC  
[    0.000000] found SMP MP-table at [mem 0x0009fff0-0x0009ffff]
[    0.000000] Scanning 1 areas for low memory corruption
[    0.000000] RAMDISK: [mem 0x359cb000-0x36cdcfff]
[    0.000000] ACPI: Early table checksum verification disabled
[    0.000000] ACPI: RSDP 0x00000000000E0000 000024 (v02 VBOX  )
[    0.000000] ACPI: XSDT 0x000000007FFF0030 00003C (v01 VBOX   VBOXXSDT 00000001 ASL  00000061)
[    0.000000] ACPI: FACP 0x000000007FFF00F0 0000F4 (v04 VBOX   VBOXFACP 00000001 ASL  00000061)
[    0.000000] ACPI: DSDT 0x000000007FFF0470 002325 (v02 VBOX   VBOXBIOS 00000002 INTL 20200925)
[    0.000000] ACPI: FACS 0x000000007FFF0200 000040
[    0.000000] ACPI: FACS 0x000000007FFF0200 000040
[    0.000000] ACPI: APIC 0x000000007FFF0240 00005C (v02 VBOX   VBOXAPIC 00000001 ASL  00000061)
[    0.000000] ACPI: SSDT 0x000000007FFF02A0 0001CC (v01 VBOX   VBOXCPUT 00000002 INTL 20200925)
[    0.000000] ACPI: Reserving FACP table memory at [mem 0x7fff00f0-0x7fff01e3]
[    0.000000] ACPI: Reserving DSDT table memory at [mem 0x7fff0470-0x7fff2794]
[    0.000000] ACPI: Reserving FACS table memory at [mem 0x7fff0200-0x7fff023f]
[    0.000000] ACPI: Reserving FACS table memory at [mem 0x7fff0200-0x7fff023f]
[    0.000000] ACPI: Reserving APIC table memory at [mem 0x7fff0240-0x7fff029b]
[    0.000000] ACPI: Reserving SSDT table memory at [mem 0x7fff02a0-0x7fff046b]
[    0.000000] No NUMA configuration found
[    0.000000] Faking a node at [mem 0x0000000000000000-0x000000007ffeffff]
[    0.000000] NODE_DATA(0) allocated [mem 0x7ffc5000-0x7ffeffff]
[    0.000000] kvm-clock: cpu 0, msr 0:7ff44001, primary cpu clock
[    0.000000] kvm-clock: Using msrs 4b564d01 and 4b564d00
[    0.000000] kvm-clock: using sched offset of 25398504904 cycles
[    0.000000] clocksource: kvm-clock: mask: 0xffffffffffffffff max_cycles: 0x1cd42e4dffb, max_idle_ns: 881590591483 ns
[    0.000000] Zone ranges:
[    0.000000]   DMA      [mem 0x0000000000001000-0x0000000000ffffff]
[    0.000000]   DMA32    [mem 0x0000000001000000-0x000000007ffeffff]
[    0.000000]   Normal   empty
[    0.000000]   Device   empty
[    0.000000] Movable zone start for each node
[    0.000000] Early memory node ranges
[    0.000000]   node   0: [mem 0x0000000000001000-0x000000000009efff]
[    0.000000]   node   0: [mem 0x0000000000100000-0x000000007ffeffff]
[    0.000000] Reserved but unavailable: 104 pages
[    0.000000] Initmem setup node 0 [mem 0x0000000000001000-0x000000007ffeffff]
[    0.000000] ACPI: PM-Timer IO Port: 0x4008
[    0.000000] IOAPIC[0]: apic_id 2, version 32, address 0xfec00000, GSI 0-23
[    0.000000] ACPI: INT_SRC_OVR (bus 0 bus_irq 0 global_irq 2 dfl dfl)
[    0.000000] ACPI: INT_SRC_OVR (bus 0 bus_irq 9 global_irq 9 low level)
[    0.000000] Using ACPI (MADT) for SMP configuration information
[    0.000000] smpboot: Allowing 2 CPUs, 0 hotplug CPUs
[    0.000000] PM: Registered nosave memory: [mem 0x00000000-0x00000fff]
[    0.000000] PM: Registered nosave memory: [mem 0x0009f000-0x0009ffff]
[    0.000000] PM: Registered nosave memory: [mem 0x000a0000-0x000effff]
[    0.000000] PM: Registered nosave memory: [mem 0x000f0000-0x000fffff]
[    0.000000] e820: [mem 0x80000000-0xfebfffff] available for PCI devices
[    0.000000] Booting paravirtualized kernel on KVM
[    0.000000] clocksource: refined-jiffies: mask: 0xffffffff max_cycles: 0xffffffff, max_idle_ns: 7645519600211568 ns
[    0.000000] setup_percpu: NR_CPUS:8192 nr_cpumask_bits:2 nr_cpu_ids:2 nr_node_ids:1
[    0.000000] percpu: Embedded 50 pages/cpu s167936 r8192 d28672 u1048576
[    0.000000] PV qspinlock hash table entries: 256 (order: 0, 4096 bytes)
[    0.000000] Built 1 zonelists, mobility grouping on.  Total pages: 515961
[    0.000000] Policy zone: DMA32
[    0.000000] Kernel command line: BOOT_IMAGE=/boot/vmlinuz-4.15.0-202-generic root=LABEL=cloudimg-rootfs ro console=tty1 console=ttyS0
[    0.000000] Memory: 2014844K/2096696K available (12300K kernel code, 2477K rwdata, 4320K rodata, 2472K init, 2720K bss, 81852K reserved, 0K cma-reserved)
[    0.000000] SLUB: HWalign=64, Order=0-3, MinObjects=0, CPUs=2, Nodes=1
[    0.000000] Kernel/User page tables isolation: enabled
[    0.000000] ftrace: allocating 39478 entries in 155 pages
[    0.004000] Hierarchical RCU implementation.
[    0.004000] 	RCU restricting CPUs from NR_CPUS=8192 to nr_cpu_ids=2.
[    0.004000] 	Tasks RCU enabled.
[    0.004000] RCU: Adjusting geometry for rcu_fanout_leaf=16, nr_cpu_ids=2
[    0.004000] NR_IRQS: 524544, nr_irqs: 440, preallocated irqs: 16
[    0.004000] random: crng init done
[    0.004000] Console: colour VGA+ 80x25
[    0.004000] console [tty1] enabled
[    0.004000] console [ttyS0] enabled
[    0.004000] ACPI: Core revision 20170831
[    0.004000] ACPI: 2 ACPI AML tables successfully acquired and loaded
[    0.004000] APIC: Switch to symmetric I/O mode setup
[    0.004000] x2apic enabled
[    0.004000] Switched APIC routing to physical x2apic.
[    0.004000] ..TIMER: vector=0x30 apic1=0 pin1=2 apic2=-1 pin2=-1
[    0.004006] tsc: Detected 2399.996 MHz processor
[    0.004860] Calibrating delay loop (skipped) preset value.. 4799.99 BogoMIPS (lpj=9599984)
[    0.005561] pid_max: default: 32768 minimum: 301
[    0.008034] Security Framework initialized
[    0.008837] Yama: becoming mindful.
[    0.009538] AppArmor: AppArmor initialized
[    0.011331] Dentry cache hash table entries: 262144 (order: 9, 2097152 bytes)
[    0.012695] Inode-cache hash table entries: 131072 (order: 8, 1048576 bytes)
[    0.014011] Mount-cache hash table entries: 4096 (order: 3, 32768 bytes)
[    0.016009] Mountpoint-cache hash table entries: 4096 (order: 3, 32768 bytes)
[    0.017746] Last level iTLB entries: 4KB 1024, 2MB 1024, 4MB 1024
[    0.018949] Last level dTLB entries: 4KB 1024, 2MB 1024, 4MB 1024, 1GB 4
[    0.020004] Spectre V1 : Mitigation: usercopy/swapgs barriers and __user pointer sanitization
[    0.021656] Spectre V2 : Mitigation: Retpolines
[    0.022522] Spectre V2 : Spectre v2 / SpectreRSB mitigation: Filling RSB on context switch
[    0.024002] Speculative Store Bypass: Vulnerable
[    0.025030] MDS: Mitigation: Clear CPU buffers
[    0.025872] MMIO Stale Data: Mitigation: Clear CPU buffers
[    0.027069] Freeing SMP alternatives memory: 36K
[    0.139604] smpboot: CPU0: Intel(R) Xeon(R) CPU E5-2620 v3 @ 2.40GHz (family: 0x6, model: 0x3f, stepping: 0x2)
[    0.140000] Performance Events: unsupported p6 CPU model 63 no PMU driver, software events only.
[    0.140000] Hierarchical SRCU implementation.
[    0.140630] NMI watchdog: Perf event create on CPU 0 failed with -2
[    0.141817] NMI watchdog: Perf NMI watchdog permanently disabled
[    0.143021] smp: Bringing up secondary CPUs ...
[    0.144093] x86: Booting SMP configuration:
[    0.144907] .... node  #0, CPUs:      #1
[    0.004000] kvm-clock: cpu 1, msr 0:7ff44041, secondary cpu clock
[    0.148022] smp: Brought up 1 node, 2 CPUs
[    0.148873] smpboot: Max logical packages: 1
[    0.149713] smpboot: Total of 2 processors activated (9599.98 BogoMIPS)
[    0.152201] devtmpfs: initialized
[    0.152786] x86/mm: Memory block size: 128MB
[    0.153866] evm: security.selinux
[    0.154589] evm: security.SMACK64
[    0.156004] evm: security.SMACK64EXEC
[    0.156736] evm: security.SMACK64TRANSMUTE
[    0.157561] evm: security.SMACK64MMAP
[    0.158307] evm: security.apparmor
[    0.158990] evm: security.ima
[    0.159608] evm: security.capability
[    0.160085] clocksource: jiffies: mask: 0xffffffff max_cycles: 0xffffffff, max_idle_ns: 7645041785100000 ns
[    0.162021] futex hash table entries: 512 (order: 3, 32768 bytes)
[    0.164068] pinctrl core: initialized pinctrl subsystem
[    0.165226] RTC time: 11:33:51, date: 01/17/23
[    0.166325] NET: Registered protocol family 16
[    0.167280] audit: initializing netlink subsys (disabled)
[    0.168034] audit: type=2000 audit(1673955258.348:1): state=initialized audit_enabled=0 res=1
[    0.168133] cpuidle: using governor ladder
[    0.174168] cpuidle: using governor menu
[    0.176040] ACPI: bus type PCI registered
[    0.176975] acpiphp: ACPI Hot Plug PCI Controller Driver version: 0.5
[    0.178354] PCI: Using configuration type 1 for base access
[    0.181808] HugeTLB registered 2.00 MiB page size, pre-allocated 0 pages
[    0.181808] ACPI: Added _OSI(Module Device)
[    0.184010] ACPI: Added _OSI(Processor Device)
[    0.184956] ACPI: Added _OSI(3.0 _SCP Extensions)
[    0.185838] ACPI: Added _OSI(Processor Aggregator Device)
[    0.186867] ACPI: Added _OSI(Linux-Dell-Video)
[    0.188004] ACPI: Added _OSI(Linux-Lenovo-NV-HDMI-Audio)
[    0.189029] ACPI: Added _OSI(Linux-HPI-Hybrid-Graphics)
[    0.190328] ACPI: Executed 1 blocks of module-level executable AML code
[    0.195432] ACPI: Interpreter enabled
[    0.196019] ACPI: (supports S0 S5)
[    0.196740] ACPI: Using IOAPIC for interrupt routing
[    0.198076] PCI: Using host bridge windows from ACPI; if necessary, use "pci=nocrs" and report a bug
[    0.200182] ACPI: Enabled 2 GPEs in block 00 to 07
[    0.207830] ACPI: PCI Root Bridge [PCI0] (domain 0000 [bus 00-ff])
[    0.208009] acpi PNP0A03:00: _OSC: OS supports [ASPM ClockPM Segments MSI]
[    0.209827] acpi PNP0A03:00: _OSC: not requesting OS control; OS requires [ExtendedConfig ASPM ClockPM MSI]
[    0.212014] acpi PNP0A03:00: fail to add MMCONFIG information, can't access extended PCI configuration space under this bridge.
[    0.214757] PCI host bridge to bus 0000:00
[    0.216007] pci_bus 0000:00: root bus resource [io  0x0000-0x0cf7 window]
[    0.217218] pci_bus 0000:00: root bus resource [io  0x0d00-0xffff window]
[    0.218470] pci_bus 0000:00: root bus resource [mem 0x000a0000-0x000bffff window]
[    0.220004] pci_bus 0000:00: root bus resource [mem 0x80000000-0xfdffffff window]
[    0.222154] pci_bus 0000:00: root bus resource [bus 00-ff]
[    0.225168] pci 0000:00:01.1: legacy IDE quirk: reg 0x10: [io  0x01f0-0x01f7]
[    0.226499] pci 0000:00:01.1: legacy IDE quirk: reg 0x14: [io  0x03f6]
[    0.227692] pci 0000:00:01.1: legacy IDE quirk: reg 0x18: [io  0x0170-0x0177]
[    0.228006] pci 0000:00:01.1: legacy IDE quirk: reg 0x1c: [io  0x0376]
[    0.260269] pci 0000:00:07.0: quirk: [io  0x4000-0x403f] claimed by PIIX4 ACPI
[    0.261803] pci 0000:00:07.0: quirk: [io  0x4100-0x410f] claimed by PIIX4 SMB
[    0.282395] ACPI: PCI Interrupt Link [LNKA] (IRQs 5 9 10 *11)
[    0.284396] ACPI: PCI Interrupt Link [LNKB] (IRQs 5 9 *10 11)
[    0.285839] ACPI: PCI Interrupt Link [LNKC] (IRQs 5 *9 10 11)
[    0.287303] ACPI: PCI Interrupt Link [LNKD] (IRQs 5 9 10 *11)
[    0.288461] SCSI subsystem initialized
[    0.289404] pci 0000:00:02.0: vgaarb: setting as boot VGA device
[    0.289404] pci 0000:00:02.0: vgaarb: VGA device added: decodes=io+mem,owns=io+mem,locks=none
[    0.292013] pci 0000:00:02.0: vgaarb: bridge control possible
[    0.293270] vgaarb: loaded
[    0.293954] ACPI: bus type USB registered
[    0.296050] usbcore: registered new interface driver usbfs
[    0.297211] usbcore: registered new interface driver hub
[    0.298406] usbcore: registered new device driver usb
[    0.300071] EDAC MC: Ver: 3.0.0
[    0.300906] PCI: Using ACPI for IRQ routing
[    0.301200] NetLabel: Initializing
[    0.301905] NetLabel:  domain hash size = 128
[    0.304004] NetLabel:  protocols = UNLABELED CIPSOv4 CALIPSO
[    0.305103] NetLabel:  unlabeled traffic allowed by default
[    0.306204] clocksource: Switched to clocksource kvm-clock
[    0.316611] VFS: Disk quotas dquot_6.6.0
[    0.317774] VFS: Dquot-cache hash table entries: 512 (order 0, 4096 bytes)
[    0.319151] AppArmor: AppArmor Filesystem Enabled
[    0.320064] pnp: PnP ACPI init
[    0.321753] pnp: PnP ACPI: found 3 devices
[    0.330908] clocksource: acpi_pm: mask: 0xffffff max_cycles: 0xffffff, max_idle_ns: 2085701024 ns
[    0.332705] NET: Registered protocol family 2
[    0.333635] IP idents hash table entries: 32768 (order: 6, 262144 bytes)
[    0.335268] TCP established hash table entries: 16384 (order: 5, 131072 bytes)
[    0.336723] TCP bind hash table entries: 16384 (order: 6, 262144 bytes)
[    0.338717] TCP: Hash tables configured (established 16384 bind 16384)
[    0.339967] UDP hash table entries: 1024 (order: 3, 32768 bytes)
[    0.341111] UDP-Lite hash table entries: 1024 (order: 3, 32768 bytes)
[    0.342351] NET: Registered protocol family 1
[    0.343200] pci 0000:00:00.0: Limiting direct PCI/PCI transfers
[    0.344501] pci 0000:00:01.0: Activating ISA DMA hang workarounds
[    0.345659] pci 0000:00:02.0: Video device with shadowed ROM at [mem 0x000c0000-0x000dffff]
[    0.347486] Unpacking initramfs...
[    0.648981] Freeing initrd memory: 19528K
[    0.649976] clocksource: tsc: mask: 0xffffffffffffffff max_cycles: 0x229833f6470, max_idle_ns: 440795327230 ns
[    0.651889] platform rtc_cmos: registered platform RTC device (no PNP device found)
[    0.653404] Scanning for low memory corruption every 60 seconds
[    0.655190] Initialise system trusted keyrings
[    0.656136] Key type blacklist registered
[    0.657008] workingset: timestamp_bits=36 max_order=19 bucket_order=0
[    0.659222] zbud: loaded
[    0.660293] squashfs: version 4.0 (2009/01/31) Phillip Lougher
[    0.661852] fuse init (API version 7.26)
[    0.666233] Key type asymmetric registered
[    0.667081] Asymmetric key parser 'x509' registered
[    0.668148] Block layer SCSI generic (bsg) driver version 0.4 loaded (major 246)
[    0.669658] io scheduler noop registered
[    0.670457] io scheduler deadline registered
[    0.671320] io scheduler cfq registered (default)
[    0.672539] ACPI: AC Adapter [AC] (on-line)
[    0.673456] input: Power Button as /devices/LNXSYSTM:00/LNXPWRBN:00/input/input0
[    0.674974] ACPI: Power Button [PWRF]
[    0.675786] input: Sleep Button as /devices/LNXSYSTM:00/LNXSLPBN:00/input/input1
[    0.677343] ACPI: Sleep Button [SLPF]
[    0.678537] Serial: 8250/16550 driver, 32 ports, IRQ sharing enabled
[    0.700638] 00:02: ttyS0 at I/O 0x3f8 (irq = 4, base_baud = 115200) is a 16550A
[    0.705034] Linux agpgart interface v0.103
[    0.707531] loop: module loaded
[    0.708776] scsi host0: ata_piix
[    0.709587] scsi host1: ata_piix
[    0.710316] ata1: PATA max UDMA/33 cmd 0x1f0 ctl 0x3f6 bmdma 0xd000 irq 14
[    0.711730] ata2: PATA max UDMA/33 cmd 0x170 ctl 0x376 bmdma 0xd008 irq 15
[    0.713291] tun: Universal TUN/TAP device driver, 1.6
[    0.714483] PPP generic driver version 2.4.2
[    0.715482] ehci_hcd: USB 2.0 'Enhanced' Host Controller (EHCI) Driver
[    0.716832] ehci-pci: EHCI PCI platform driver
[    0.717770] ehci-platform: EHCI generic platform driver
[    0.718823] ohci_hcd: USB 1.1 'Open' Host Controller (OHCI) Driver
[    0.720031] ohci-pci: OHCI PCI platform driver
[    0.720915] ohci-platform: OHCI generic platform driver
[    0.721898] uhci_hcd: USB Universal Host Controller Interface driver
[    0.723164] i8042: PNP: PS/2 Controller [PNP0303:PS2K,PNP0f03:PS2M] at 0x60,0x64 irq 1,12
[    0.725175] serio: i8042 KBD port at 0x60,0x64 irq 1
[    0.726183] serio: i8042 AUX port at 0x60,0x64 irq 12
[    0.727506] mousedev: PS/2 mouse device common for all mice
[    0.729475] input: AT Translated Set 2 keyboard as /devices/platform/i8042/serio0/input/input2
[    0.731381] rtc_cmos rtc_cmos: rtc core: registered rtc_cmos as rtc0
[    0.732730] rtc_cmos rtc_cmos: alarms up to one day, 114 bytes nvram
[    0.733926] i2c /dev entries driver
[    0.734702] device-mapper: uevent: version 1.0.3
[    0.735723] device-mapper: ioctl: 4.37.0-ioctl (2017-09-20) initialised: dm-devel@redhat.com
[    0.737420] ledtrig-cpu: registered to indicate activity on CPUs
[    0.738984] NET: Registered protocol family 10
[    0.746367] Segment Routing with IPv6
[    0.747196] NET: Registered protocol family 17
[    0.748214] Key type dns_resolver registered
[    0.749294] mce: Using 0 MCE banks
[    0.749964] RAS: Correctable Errors collector initialized.
[    0.750897] sched_clock: Marking stable (749247789, 0)->(936788630, -187540841)
[    0.752689] registered taskstats version 1
[    0.753428] Loading compiled-in X.509 certificates
[    0.758038] Loaded X.509 cert 'Build time autogenerated kernel key: f114f3958ed3c37ba1924ca66ae8368f3c35b0e4'
[    0.760498] Loaded X.509 cert 'Canonical Ltd. Live Patch Signing: 14df34d1a87cf37625abec039ef2bf521249b969'
[    0.763006] Loaded X.509 cert 'Canonical Ltd. Kernel Module Signing: 88f752e560a1e0737e31163a466ad7b70a850c19'
[    0.764748] blacklist: Loading compiled-in revocation X.509 certificates
[    0.765883] Loaded X.509 cert 'Canonical Ltd. Secure Boot Signing: 61482aa2830d0ab2ad5af10b7250da9033ddcef0'
[    0.767524] zswap: loaded using pool lzo/zbud
[    0.771801] Key type big_key registered
[    0.772548] Key type trusted registered
[    0.774918] Key type encrypted registered
[    0.775636] AppArmor: AppArmor sha1 policy hashing enabled
[    0.776580] ima: No TPM chip found, activating TPM-bypass! (rc=-19)
[    0.777800] ima: Allocated hash algorithm: sha1
[    0.778635] evm: HMAC attrs: 0x1
[    0.779619]   Magic number: 7:441:580
[    0.780419] rtc_cmos rtc_cmos: setting system clock to 2023-01-17 11:33:52 UTC (1673955232)
[    0.781937] BIOS EDD facility v0.16 2004-Jun-25, 0 devices found
[    0.782953] EDD information not available.
[    0.898917] Freeing unused kernel image memory: 2472K
[    0.912051] Write protecting the kernel read-only data: 20480k
[    0.914148] Freeing unused kernel image memory: 2008K
[    0.915869] Freeing unused kernel image memory: 1824K
[    0.924944] x86/mm: Checked W+X mappings: passed, no W+X pages found.
[    0.926498] x86/mm: Checking user space page tables
[    0.935057] x86/mm: Checked W+X mappings: passed, no W+X pages found.
Loading, please wait...
starting version 237
[    1.016231] e1000: Intel(R) PRO/1000 Network Driver - version 7.3.21-k8-NAPI
[    1.018107] e1000: Copyright (c) 1999-2006 Intel Corporation.
[    1.020175] Fusion MPT base driver 3.04.20
[    1.021294] Copyright (c) 1999-2008 LSI Corporation
[    1.032075] Fusion MPT SPI Host driver 3.04.20
[    1.046511] AVX2 version of gcm_enc/dec engaged.
[    1.047494] AES CTR mode by8 optimization enabled
[    1.235031] input: ImExPS/2 Generic Explorer Mouse as /devices/platform/i8042/serio1/input/input4
[    1.416485] e1000 0000:00:03.0 eth0: (PCI:33MHz:32-bit) 02:b0:55:75:d1:60
[    1.417860] e1000 0000:00:03.0 eth0: Intel(R) PRO/1000 Network Connection
[    1.421849] mptbase: ioc0: Initiating bringup
[    1.996352] ioc0: LSI53C1030 A0: Capabilities={Initiator}
[    5.653642] scsi host2: ioc0: LSI53C1030 A0, FwRev=00000000h, Ports=1, MaxQ=256, IRQ=20
[    8.147444] scsi 2:0:0:0: Direct-Access     VBOX     HARDDISK         1.0  PQ: 0 ANSI: 5
[    8.180046] scsi target2:0:0: Beginning Domain Validation
[    8.184506] scsi target2:0:0: Domain Validation skipping write tests
[    8.187571] scsi target2:0:0: Ending Domain Validation
[    8.190299] scsi target2:0:0: asynchronous
[    8.193098] scsi 2:0:1:0: Direct-Access     VBOX     HARDDISK         1.0  PQ: 0 ANSI: 5
[    8.495873] scsi target2:0:1: Beginning Domain Validation
[    8.499360] scsi target2:0:1: Domain Validation skipping write tests
[    8.501215] scsi target2:0:1: Ending Domain Validation
[    8.502639] scsi target2:0:1: asynchronous
[    8.509164] sd 2:0:0:0: [sda] 83886080 512-byte logical blocks: (42.9 GB/40.0 GiB)
[    8.509247] sd 2:0:0:0: Attached scsi generic sg0 type 0
[    8.511037] sd 2:0:0:0: [sda] Write Protect is off
[    8.513355] sd 2:0:1:0: Attached scsi generic sg1 type 0
[    8.516183] sd 2:0:0:0: [sda] Incomplete mode parameter data
[    8.517434] sd 2:0:0:0: [sda] Assuming drive cache: write through
[    8.517461] sd 2:0:1:0: [sdb] 20480 512-byte logical blocks: (10.5 MB/10.0 MiB)
[    8.521220] sd 2:0:1:0: [sdb] Write Protect is off
[    8.522378] sd 2:0:1:0: [sdb] Incomplete mode parameter data
[    8.523568] sd 2:0:1:0: [sdb] Assuming drive cache: write through
[    8.533860] e1000 0000:00:08.0 eth1: (PCI:33MHz:32-bit) 08:00:27:02:43:e7
[    8.535036] e1000 0000:00:08.0 eth1: Intel(R) PRO/1000 Network Connection
[    8.559524]  sda: sda1
[    8.560992] sd 2:0:0:0: [sda] Attached SCSI disk
[    8.562521] sd 2:0:1:0: [sdb] Attached SCSI disk
[    8.565044] e1000 0000:00:08.0 enp0s8: renamed from eth1
[    8.582057] e1000 0000:00:03.0 enp0s3: renamed from eth0
Begin: Loading essential drivers ... [   10.207688] raid6: sse2x1   gen() 10287 MB/s
[   10.263845] raid6: sse2x1   xor()  6680 MB/s
[   10.327671] raid6: sse2x2   gen() 13409 MB/s
[   10.382686] raid6: sse2x2   xor()  7674 MB/s
[   10.444016] raid6: sse2x4   gen() 12442 MB/s
[   10.507825] raid6: sse2x4   xor()  7860 MB/s
[   10.552053] raid6: avx2x1   gen() 15946 MB/s
[   10.607758] raid6: avx2x1   xor() 12826 MB/s
[   10.662763] raid6: avx2x2   gen() 22476 MB/s
[   10.711757] raid6: avx2x2   xor() 12262 MB/s
[   10.775672] raid6: avx2x4   gen() 30474 MB/s
[   10.827034] raid6: avx2x4   xor() 14381 MB/s
[   10.828284] raid6: using algorithm avx2x4 gen() 30474 MB/s
[   10.829681] raid6: .... xor() 14381 MB/s, rmw enabled
[   10.830919] raid6: using avx2x2 recovery algorithm
[   10.835497] xor: automatically using best checksumming function   avx       
[   10.841231] async_tx: api initialized (async)
done.
Begin: Running /scripts/init-premount ... done.
Begin: Mounting root file system ... Begin: Running /scripts/local-top ... done.
Begin: Running /scripts/local-premount ... [   10.930947] Btrfs loaded, crc32c=crc32c-intel
Scanning for Btrfs filesystems
done.
Warning: fsck not present, so skipping root file system
[   11.011398] EXT4-fs (sda1): mounted filesystem with ordered data mode. Opts: (null)
done.
Begin: Running /scripts/local-bottom ... done.
Begin: Running /scripts/init-bottom ... done.
[   12.071310] ip_tables: (C) 2000-2006 Netfilter Core Team
[   12.165404] systemd[1]: systemd 237 running in system mode. (+PAM +AUDIT +SELINUX +IMA +APPARMOR +SMACK +SYSVINIT +UTMP +LIBCRYPTSETUP +GCRYPT +GNUTLS +ACL +XZ +LZ4 +SECCOMP +BLKID +ELFUTILS +KMOD -IDN2 +IDN -PCRE2 default-hierarchy=hybrid)
[   12.175832] systemd[1]: Detected virtualization oracle.
[   12.178382] systemd[1]: Detected architecture x86-64.

Welcome to [1mUbuntu 18.04.6 LTS[0m!

[   12.234387] systemd[1]: Set hostname to <ubuntu>.
[   12.251747] systemd[1]: Initializing machine ID from random generator.
[   12.255044] systemd[1]: Installed transient /etc/machine-id file.
[   13.754017] systemd[1]: Created slice User and Session Slice.
[[0;32m  OK  [0m] Created slice User and Session Slice.
[   13.759054] systemd[1]: Set up automount Arbitrary Executable File Formats File System Automount Point.
[[0;32m  OK  [0m] Set up automount Arbitrary Executab…rmats File System Automount Point.
[   13.766469] systemd[1]: Created slice System Slice.
[[0;32m  OK  [0m] Created slice System Slice.
[   13.769520] systemd[1]: Listening on udev Kernel Socket.
[[0;32m  OK  [0m] Listening on udev Kernel Socket.
[[0;32m  OK  [0m] Listening on /dev/initctl Compatibility Named Pipe.
[[0;32m  OK  [0m] Listening on Network Service Netlink Socket.
[[0;32m  OK  [0m] Created slice system-serial\x2dgetty.slice.
[[0;32m  OK  [0m] Reached target System Time Synchronized.
[[0;32m  OK  [0m] Reached target Slices.
[[0;32m  OK  [0m] Reached target Swap.
[[0;32m  OK  [0m] Listening on udev Control Socket.
[[0;32m  OK  [0m] Listening on Journal Audit Socket.
[[0;32m  OK  [0m] Listening on LVM2 metadata daemon socket.
[[0;32m  OK  [0m] Listening on Journal Socket.
         Mounting Kernel Debug File System...
         Starting Uncomplicated firewall...
         Starting udev Coldplug all Devices...
         Mounting POSIX Message Queue File System...
         Mounting Huge Pages File System...
[[0;32m  OK  [0m] Listening on LVM2 poll daemon socket.
[[0;32m  OK  [0m] Listening on Journal Socket (/dev/log).
         Starting Create list of required st…ce nodes for the current kernel...
[[0;32m  OK  [0m] Listening on fsck to fsckd communication Socket.
         Starting File System Check on Root Device...
[[0;32m  OK  [0m] Started Forward Password Requests to Wall Directory Watch.
[[0;32m  OK  [0m] Listening on Syslog Socket.
         Starting Load Kernel Modules...
         Starting Set the console keyboard layout...
         Starting Journal Service...
[[0;32m  OK  [0m] Reached target User and Group Name Lookups.
[[0;32m  OK  [0m] Listening on Device-mapper event daemon FIFOs.
         Starting Monitoring of LVM2 mirrors…ng dmeventd or progress polling...
[[0;32m  OK  [0m] Mounted Kernel Debug File System.
[[0;32m  OK  [0m] Started Uncomplicated firewall.
[[0;32m  OK  [0m] Mounted POSIX Message Queue File System.
[[0;32m  OK  [0m] Mounted Huge Pages File System.
[[0;32m  OK  [0m] Started Create list of required sta…vice nodes for the current kernel.
[[0;32m  OK  [0m] Started File System Check Daemon to report status.
         Starting Create Static Device Nodes in /dev...
[[0;32m  OK  [0m] Started udev Coldplug all Devices.
[   14.050343] Loading iSCSI transport class v2.0-870.
[[0;32m  OK  [0m] Started Journal Service.
[[0;32m  OK  [0m] Started File System Check on Root Device.
         Starting Remount Root and Kernel File Systems...
[   14.429146] iscsi: registered transport (tcp)
[   14.644351] EXT4-fs (sda1): re-mounted. Opts: (null)
[[0;32m  OK  [0m] Started Remount Root and Kernel File Systems.
         Starting Flush Journal to Persistent Storage...
         Starting Load/Save Random Seed...
[[0;32m  OK  [0m] Started Create Static Device Nodes in /dev.
[[0;32m  OK  [0m] Started Load/Save Random Seed.
[   14.912991] systemd-journald[405]: Received request to flush runtime journal from PID 1
[[0;32m  OK  [0m] Started LVM2 metadata daemon.
         Starting udev Kernel Device Manager...
[   14.931609] iscsi: registered transport (iser)
[[0;32m  OK  [0m] Started Load Kernel Modules.
         Mounting FUSE Control File System...
         Mounting Kernel Configuration File System...
         Starting Apply Kernel Variables...
[[0;32m  OK  [0m] Mounted FUSE Control File System.
[[0;32m  OK  [0m] Mounted Kernel Configuration File System.
[[0;32m  OK  [0m] Started Apply Kernel Variables.
[[0;32m  OK  [0m] Started Flush Journal to Persistent Storage.
[[0;32m  OK  [0m] Started Monitoring of LVM2 mirrors,…sing dmeventd or progress polling.
[[0;32m  OK  [0m] Started udev Kernel Device Manager.
[[0;32m  OK  [0m] Found device /dev/ttyS0.
[[0;32m  OK  [0m] Listening on Load/Save RF Kill Switch Status /dev/rfkill Watch.
         Mounting Arbitrary Executable File Formats File System...
[[0;32m  OK  [0m] Mounted Arbitrary Executable File Formats File System.
[[0;32m  OK  [0m] Started Set the console keyboard layout.
[[0;32m  OK  [0m] Started Dispatch Password Requests to Console Directory Watch.
[[0;32m  OK  [0m] Reached target Local Encrypted Volumes.
[[0;32m  OK  [0m] Reached target Local File Systems (Pre).
[[0;32m  OK  [0m] Reached target Local File Systems.
         Starting Create Volatile Files and Directories...
         Starting ebtables ruleset management...
         Starting Tell Plymouth To Write Out Runtime Data...
         Starting AppArmor initialization...
         Starting Set console font and keymap...
         Starting Commit a transient machine-id on disk...
[[0;32m  OK  [0m] Started Tell Plymouth To Write Out Runtime Data.
[[0;32m  OK  [0m] Started Create Volatile Files and Directories.
         Starting Update UTMP about System Boot/Shutdown...
[[0;32m  OK  [0m] Started Update UTMP about System Boot/Shutdown.
[[0;32m  OK  [0m] Started Commit a transient machine-id on disk.
[[0;32m  OK  [0m] Started ebtables ruleset management.
[[0;32m  OK  [0m] Started AppArmor initialization.
         Starting Load AppArmor profiles managed internally by snapd...
         Starting Initial cloud-init job (pre-networking)...
[[0;32m  OK  [0m] Started Set console font and keymap.
[[0;32m  OK  [0m] Started Load AppArmor profiles managed internally by snapd.
[   24.209207] cloud-init[860]: Cloud-init v. 22.4.2-0ubuntu0~18.04.1 running 'init-local' at Tue, 17 Jan 2023 11:34:14 +0000. Up 23.26 seconds.
[[0;32m  OK  [0m] Started Initial cloud-init job (pre-networking).
[[0;32m  OK  [0m] Reached target Network (Pre).
         Starting Network Service...
[[0;32m  OK  [0m] Started Network Service.
         Starting Wait for Network to be Configured...
         Starting Network Name Resolution...
[[0;32m  OK  [0m] Started Network Name Resolution.
[[0;32m  OK  [0m] Reached target Network.
[[0;32m  OK  [0m] Reached target Host and Network Name Lookups.
[[0;32m  OK  [0m] Started Wait for Network to be Configured.
         Starting Initial cloud-init job (metadata service crawler)...
[   27.180975] cloud-init[1045]: Cloud-init v. 22.4.2-0ubuntu0~18.04.1 running 'init' at Tue, 17 Jan 2023 11:34:18 +0000. Up 26.93 seconds.
[   27.183215] cloud-init[1045]: ci-info: ++++++++++++++++++++++++++++++++++++++Net device info+++++++++++++++++++++++++++++++++++++++
[   27.185194] cloud-init[1045]: ci-info: +--------+-------+----------------------------+---------------+--------+-------------------+
[   27.186990] cloud-init[1045]: ci-info: | Device |   Up  |          Address           |      Mask     | Scope  |     Hw-Address    |
[   27.188702] cloud-init[1045]: ci-info: +--------+-------+----------------------------+---------------+--------+-------------------+
[   27.190382] cloud-init[1045]: ci-info: | enp0s3 |  True |         10.0.2.15          | 255.255.255.0 | global | 02:b0:55:75:d1:60 |
[   27.192108] cloud-init[1045]: ci-info: | enp0s3 |  True | fe80::b0:55ff:fe75:d160/64 |       .       |  link  | 02:b0:55:75:d1:60 |
[   27.193795] cloud-init[1045]: ci-info: | enp0s8 | False |             .              |       .       |   .    | 08:00:27:02:43:e7 |
[   27.196024] cloud-init[1045]: ci-info: |   lo   |  True |         127.0.0.1          |   255.0.0.0   |  host  |         .         |
[   27.197660] cloud-init[1045]: ci-info: |   lo   |  True |          ::1/128           |       .       |  host  |         .         |
[   27.199707] cloud-init[1045]: ci-info: +--------+-------+----------------------------+---------------+--------+-------------------+
[   27.201510] cloud-init[1045]: ci-info: ++++++++++++++++++++++++++++Route IPv4 info+++++++++++++++++++++++++++++
[   27.203021] cloud-init[1045]: ci-info: +-------+-------------+----------+-----------------+-----------+-------+
[   27.204773] cloud-init[1045]: ci-info: | Route | Destination | Gateway  |     Genmask     | Interface | Flags |
[   27.206195] cloud-init[1045]: ci-info: +-------+-------------+----------+-----------------+-----------+-------+
[   27.207531] cloud-init[1045]: ci-info: |   0   |   0.0.0.0   | 10.0.2.2 |     0.0.0.0     |   enp0s3  |   UG  |
[   27.208989] cloud-init[1045]: ci-info: |   1   |   10.0.2.0  | 0.0.0.0  |  255.255.255.0  |   enp0s3  |   U   |
[   27.210344] cloud-init[1045]: ci-info: |   2   |   10.0.2.2  | 0.0.0.0  | 255.255.255.255 |   enp0s3  |   UH  |
[   27.211807] cloud-init[1045]: ci-info: +-------+-------------+----------+-----------------+-----------+-------+
[   27.213222] cloud-init[1045]: ci-info: +++++++++++++++++++Route IPv6 info+++++++++++++++++++
[   27.214805] cloud-init[1045]: ci-info: +-------+-------------+---------+-----------+-------+
[   27.216231] cloud-init[1045]: ci-info: | Route | Destination | Gateway | Interface | Flags |
[   27.217602] cloud-init[1045]: ci-info: +-------+-------------+---------+-----------+-------+
[   27.218961] cloud-init[1045]: ci-info: |   1   |  fe80::/64  |    ::   |   enp0s3  |   U   |
[   27.220161] cloud-init[1045]: ci-info: |   3   |    local    |    ::   |   enp0s3  |   U   |
[   27.221218] cloud-init[1045]: ci-info: |   4   |   ff00::/8  |    ::   |   enp0s3  |   U   |
[   27.222554] cloud-init[1045]: ci-info: +-------+-------------+---------+-----------+-------+
[   29.159508] cloud-init[1045]: Generating public/private rsa key pair.
[   29.160651] cloud-init[1045]: Your identification has been saved in /etc/ssh/ssh_host_rsa_key.
[   29.162232] cloud-init[1045]: Your public key has been saved in /etc/ssh/ssh_host_rsa_key.pub.
[   29.163978] cloud-init[1045]: The key fingerprint is:
[   29.165157] cloud-init[1045]: SHA256:kqRoayVmI/gIHBN4JirqRjfRq/WRw4mK7tunLX++5sQ root@ubuntu-bionic
[   29.166901] cloud-init[1045]: The key's randomart image is:
[   29.168162] cloud-init[1045]: +---[RSA 2048]----+
[   29.169070] cloud-init[1045]: |..               |
[   29.170093] cloud-init[1045]: |o +              |
[   29.171153] cloud-init[1045]: |.*  . .          |
[   29.172279] cloud-init[1045]: |= oo + .         |
[   29.173357] cloud-init[1045]: |*.B + * S        |
[   29.174410] cloud-init[1045]: |oO B +.B         |
[   29.175392] cloud-init[1045]: |+ * = .Eo        |
[   29.176436] cloud-init[1045]: | =.+...+         |
[   29.177507] cloud-init[1045]: |++.o=o=+.        |
[   29.178632] cloud-init[1045]: +----[SHA256]-----+
[   29.179675] cloud-init[1045]: Generating public/private dsa key pair.
[   29.180797] cloud-init[1045]: Your identification has been saved in /etc/ssh/ssh_host_dsa_key.
[   29.182444] cloud-init[1045]: Your public key has been saved in /etc/ssh/ssh_host_dsa_key.pub.
[   29.184590] cloud-init[1045]: The key fingerprint is:
[   29.185765] cloud-init[1045]: SHA256:V2zIUro0Hhg8yuuC3KAW7d+2yCyqT99uI6ANXGz9gmw root@ubuntu-bionic
[   29.187513] cloud-init[1045]: The key's randomart image is:
[   29.188456] cloud-init[1045]: +---[DSA 1024]----+
[   29.189351] cloud-init[1045]: |     ..   .      |
[   29.190352] cloud-init[1045]: |      oo + o     |
[   29.191334] cloud-init[1045]: |  ......* o +    |
[   29.192212] cloud-init[1045]: |   +o. o = o     |
[   29.193355] cloud-init[1045]: |. = ... S .      |
[   29.194445] cloud-init[1045]: |.+.E.. . .       |
[   29.195466] cloud-init[1045]: |o=Bo  .          |
[   29.196564] cloud-init[1045]: |++o==.=.         |
[   29.197655] cloud-init[1045]: |+oo.+O++.        |
[   29.198489] cloud-init[1045]: +----[SHA256]-----+
[   29.199371] cloud-init[1045]: Generating public/private ecdsa key pair.
[   29.200642] cloud-init[1045]: Your identification has been saved in /etc/ssh/ssh_host_ecdsa_key.
[   29.202057] cloud-init[1045]: Your public key has been saved in /etc/ssh/ssh_host_ecdsa_key.pub.
[   29.203632] cloud-init[1045]: The key fingerprint is:
[   29.204763] cloud-init[1045]: SHA256:UxdBt5mE2eBRGwHWwTKvB0IRkK2jp/zSxq+SGoPKChk root@ubuntu-bionic
[   29.206337] cloud-init[1045]: The key's randomart image is:
[   29.207365] cloud-init[1045]: +---[ECDSA 256]---+
[   29.208495] cloud-init[1045]: |        .+o+O@Bo |
[   29.209516] cloud-init[1045]: |        . oo==+* |
[   29.210544] cloud-init[1045]: |         o. o+=  |
[   29.211616] cloud-init[1045]: |        o.... .  |
[   29.212678] cloud-init[1045]: |E      .S. . o   |
[   29.213686] cloud-init[1045]: | o .  . ..  . .  |
[   29.214649] cloud-init[1045]: |o . o. *     .   |
[   29.215670] cloud-init[1045]: |o.   o* +        |
[   29.216431] cloud-init[1045]: |+.  .. =oo.      |
[   29.217297] cloud-init[1045]: +----[SHA256]-----+
[   29.218099] cloud-init[1045]: Generating public/private ed25519 key pair.
[   29.218996] cloud-init[1045]: Your identification has been saved in /etc/ssh/ssh_host_ed25519_key.
[   29.221409] cloud-init[1045]: Your public key has been saved in /etc/ssh/ssh_host_ed25519_key.pub.
[   29.222803] cloud-init[1045]: The key fingerprint is:
[   29.223580] cloud-init[1045]: SHA256:QTpwWIGhG57pEUWjWYCl4s4wvsrD5zixYp3OgJd7NR4 root@ubuntu-bionic
[   29.225216] cloud-init[1045]: The key's randomart image is:
[   29.226153] cloud-init[1045]: +--[ED25519 256]--+
[   29.227166] cloud-init[1045]: | oooB=+..        |
[   29.228379] [[0;32m  OK  [0m] Started Initial cloud-init job (metadata service crawler).
[[0;32m  OK  [0m] Reached target System Initialization.
[[0;32m  OK  [0m] Started Daily Cleanup of Temporary Directories.
[[0;32m  OK  [0m] Listening on ACPID Listen Socket.
[[0;32m  OK  [0m] Started Message of the Day.
[[0;32m  OK  [0m] Listening on UUID daemon activation socket.
[[0;32m  OK  [0m] Started Discard unused blocks once a week.
[[0;32m  OK  [0m] Started ACPI Events Check.
[[0;32m  OK  [0m] Reached target Paths.
[[0;32m  OK  [0m] Listening on cloud-init hotplug hook socket.
[[0;32m  OK  [0m] Listening on D-Bus System Message Bus Socket.
cloud-init[1045]: |.. *o+ o         |
[[   29.237731] cloud-init[1045]: |o *   o .        |
[   29.238044] cloud-init[1045]: |o. *   . .       |
[   29.238524] cloud-init[1045]: |o.*     S        |
[   29.238969] cloud-init[1045]: |*+ o  E          |
[   29.239314] cloud-init[1045]: |o=B .o o         |
[   29.239922] cloud-init[1045]: |oB==. .          |
[   29.240546] cloud-init[1045]: |=+B=             |
[   29.241025] cloud-init[1045]: +----[SHA256]-----+
[0;32m  OK  [0m] Started Ubuntu Advantage Timer for running repeated jobs.
         Starting LXD - unix socket.
         Starting Socket activation for snappy daemon.
[[0;32m  OK  [0m] Started Daily apt download activities.
[[0;32m  OK  [0m] Started Daily apt upgrade and clean activities.
[[0;32m  OK  [0m] Reached target Timers.
[[0;32m  OK  [0m] Listening on Open-iSCSI iscsid Socket.
[[0;32m  OK  [0m] Reached target Cloud-config availability.
[[0;32m  OK  [0m] Reached target Network is Online.
[[0;32m  OK  [0m] Reached target Remote File Systems (Pre).
[[0;32m  OK  [0m] Reached target Remote File Systems.
         Starting Availability of block devices...
[[0;32m  OK  [0m] Listening on LXD - unix socket.
[[0;32m  OK  [0m] Listening on Socket activation for snappy daemon.
[[0;32m  OK  [0m] Reached target Sockets.
[[0;32m  OK  [0m] Reached target Basic System.
[[0;32m  OK  [0m] Started Regular background program processing daemon.
         Starting Virtualbox guest utils...
         Starting Permit User Sessions...
         Starting Dispatcher daemon for systemd-networkd...
         Starting Accounts Service...
[[0;32m  OK  [0m] Reached target Login Prompts (Pre).
         Starting Pollinate to seed the pseudo random number generator...
         Starting Login Service...
[[0;32m  OK  [0m] Started D-Bus System Message Bus.
[[0;32m  OK  [0m] Started Login Service.
         Starting System Logging Service...
[[0;32m  OK  [0m] Started FUSE filesystem for LXC.
[[0;32m  OK  [0m] Started irqbalance daemon.
[[0;32m  OK  [0m] Started Deferred execution scheduler.
         Starting LXD - container startup/shutdown...
         Starting Snap Daemon...
         Starting LSB: Record successful boot for GRUB...
         Starting LSB: automatic crash report generation...
[[0;32m  OK  [0m] Started Unattended Upgrades Shutdown.
[[0;32m  OK  [0m] Started Availability of block devices.
[[0;32m  OK  [0m] Started Permit User Sessions.
         Starting Terminate Plymouth Boot Screen...
         Starting Hold until boot process finishes up...
[[0;32m  OK  [0m] Started Hold until boot process finishes up.
         Starting Set console scheme...
[[0;32m  OK  [0m] Started Serial Getty on ttyS0.
[[0;32m  OK  [0m] Started Terminate Plymouth Boot Screen.
[[0;32m  OK  [0m] Started Set console scheme.
[[0;32m  OK  [0m] Created slice system-getty.slice.
[[0;32m  OK  [0m] Started Getty on tty1.
[[0;32m  OK  [0m] Reached target Login Prompts.
         Starting Authorization Manager...
[[0;32m  OK  [0m] Started LSB: automatic crash report generation.
[[0;32m  OK  [0m] Started Authorization Manager.
[[0;32m  OK  [0m] Started Accounts Service.
[[0;32m  OK  [0m] Started LSB: Record successful boot for GRUB.
[[0;32m  OK  [0m] Started Virtualbox guest utils.
[[0;32m  OK  [0m] Started System Logging Service.
[[0;32m  OK  [0m] Started Dispatcher daemon for systemd-networkd.

Ubuntu 18.04.6 LTS ubuntu-bionic ttyS0

ubuntu-bionic login: [   41.044342] cloud-init[1681]: Cloud-init v. 22.4.2-0ubuntu0~18.04.1 running 'modules:config' at Tue, 17 Jan 2023 11:34:30 +0000. Up 38.46 seconds.
ci-info: no authorized SSH keys fingerprints found for user ubuntu.
<14>Jan 17 11:34:33 cloud-init: #############################################################
<14>Jan 17 11:34:33 cloud-init: -----BEGIN SSH HOST KEY FINGERPRINTS-----
<14>Jan 17 11:34:33 cloud-init: 1024 SHA256:V2zIUro0Hhg8yuuC3KAW7d+2yCyqT99uI6ANXGz9gmw root@ubuntu-bionic (DSA)
<14>Jan 17 11:34:33 cloud-init: 256 SHA256:UxdBt5mE2eBRGwHWwTKvB0IRkK2jp/zSxq+SGoPKChk root@ubuntu-bionic (ECDSA)
<14>Jan 17 11:34:33 cloud-init: 256 SHA256:QTpwWIGhG57pEUWjWYCl4s4wvsrD5zixYp3OgJd7NR4 root@ubuntu-bionic (ED25519)
<14>Jan 17 11:34:33 cloud-init: 2048 SHA256:kqRoayVmI/gIHBN4JirqRjfRq/WRw4mK7tunLX++5sQ root@ubuntu-bionic (RSA)
<14>Jan 17 11:34:33 cloud-init: -----END SSH HOST KEY FINGERPRINTS-----
<14>Jan 17 11:34:33 cloud-init: #############################################################
-----BEGIN SSH HOST KEY KEYS-----
ecdsa-sha2-nistp256 AAAAE2VjZHNhLXNoYTItbmlzdHAyNTYAAAAIbmlzdHAyNTYAAABBBD+N+0RNo8gklPO0Tmu6ehufDDDCEGt7ARH2kX3iiVRt24+G4zWa0EQeUR3joylw9zIW2d7HzdQE+P/rEkThAxQ= root@ubuntu-bionic
ssh-ed25519 AAAAC3NzaC1lZDI1NTE5AAAAIOOlvAArOEn6H8Ee7Sc+dKD9QVg0SoEAG04SeFiiPsnq root@ubuntu-bionic
ssh-rsa AAAAB3NzaC1yc2EAAAADAQABAAABAQDLbqNtlyNQuUAvzcpdILJ3dHq0e9dZ7emGmvqiBA7koBhfzWgZxhPLzJD8icCANlPq8exwEbynR1Zhf8QVAIQl9sU9q2Iw2WzOgVV/M4cAiRUHMQmaZJHo/Vv6qbfu3BCP1L95pVhowXFlKy9f/i09jk+Z8WUM+OmZoWm4DsTWcL5USvkwEnbG3eYRkJ8ZlhvrTvaLSGt91OW5RrnvUzWJdXXq7ymmD8VUPnnHo74SJv46nd0LbAnMLQcuSzz+TJ9IHlrGqqC9mBR/60VwbKxdBv2r9QNvJCawFZjvf/nRPQ7zXho5Izz/gd28Lle16TAyikqQbeN8q/iPPHTLnmZR root@ubuntu-bionic
-----END SSH HOST KEY KEYS-----
[   42.013654] cloud-init[1819]: Cloud-init v. 22.4.2-0ubuntu0~18.04.1 running 'modules:final' at Tue, 17 Jan 2023 11:34:33 +0000. Up 41.64 seconds.
[   42.013777] cloud-init[1819]: Cloud-init v. 22.4.2-0ubuntu0~18.04.1 finished at Tue, 17 Jan 2023 11:34:33 +0000. Datasource DataSourceNoCloud [seed=/dev/sdb][dsmode=net].  Up 42.00 seconds
